0 info it worked if it ends with ok
1 verbose cli [ 'node', '/usr/local/bin/npm', 'install', '--production' ]
2 info using npm@1.3.7
3 info using node@v0.10.15
4 verbose node symlink /usr/local/bin/node
5 error install Couldn't read dependencies
6 error Error: ENOENT, open '/Users/donaldcook/Development/donaldcook.me/package.json'
7 error If you need help, you may report this log at:
7 error     <http://github.com/isaacs/npm/issues>
7 error or email it to:
7 error     <npm-@googlegroups.com>
8 error System Darwin 14.3.0
9 error command "node" "/usr/local/bin/npm" "install" "--production"
10 error cwd /Users/donaldcook/Development/donaldcook.me
11 error node -v v0.10.15
12 error npm -v 1.3.7
13 error path /Users/donaldcook/Development/donaldcook.me/package.json
14 error code ENOENT
15 error errno 34
16 verbose exit [ 34, true ]
